# JRE version: Java(TM) SE Runtime Environment (22.0.2+9) (build 22.0.2+9-70)
# Java VM: Java HotSpot(TM) 64-Bit Server VM (22.0.2+9-70, mixed mode, sharing, tiered, compressed oops, compressed class ptrs, g1 gc, windows-amd64)
GC Precious Log:
 CardTable entry size: 512
 Card Set container configuration: InlinePtr #cards 5 size 8 Array Of Cards #cards 12 size 40 Howl #buckets 4 coarsen threshold 1843 Howl Bitmap #cards 512 size 80 coarsen threshold 460 Card regions per heap region 1 cards per card region 2048
 CPUs: 4 total, 4 available
 Memory: 3802M
 Large Page Support: Disabled
 NUMA Support: Disabled
 Compressed Oops: Enabled (32-bit)
 Heap Region Size: 1M
 Heap Min Capacity: 8M
 Heap Initial Capacity: 60M
 Heap Max Capacity: 952M
 Pre-touch: Disabled
 Parallel Workers: 4
 Concurrent Workers: 1
 Concurrent Refinement Workers: 4
 Periodic GC: Disabled
Heap:
 garbage-first heap   total reserved 974848K, committed 61440K, used 46080K [0x00000000c4800000, 0x0000000100000000)
  region size 1024K, 20 young (20480K), 4 survivors (4096K)
 Metaspace       used 50248K, committed 50944K, reserved 1114112K
  class space    used 6799K, committed 7104K, reserved 1048576K
GC Heap History (20 events):
Event: 19.223 GC heap before
{Heap before GC invocations=4 (full 0):
 garbage-first heap   total reserved 974848K, committed 61440K, used 42532K [0x00000000c4800000, 0x0000000100000000)
  region size 1024K, 24 young (24576K), 2 survivors (2048K)
 Metaspace       used 20967K, committed 21376K, reserved 1114112K
  class space    used 2513K, committed 2688K, reserved 1048576K
}
Event: 19.238 GC heap after
{Heap after GC invocations=5 (full 0):
 garbage-first heap   total reserved 974848K, committed 61440K, used 22822K [0x00000000c4800000, 0x0000000100000000)
  region size 1024K, 3 young (3072K), 3 survivors (3072K)
 Metaspace       used 20967K, committed 21376K, reserved 1114112K
  class space    used 2513K, committed 2688K, reserved 1048576K
}
Event: 19.484 GC heap before
{Heap before GC invocations=5 (full 0):
 garbage-first heap   total reserved 974848K, committed 61440K, used 23846K [0x00000000c4800000, 0x0000000100000000)
  region size 1024K, 5 young (5120K), 3 survivors (3072K)
 Metaspace       used 21182K, committed 21504K, reserved 1114112K
  class space    used 2538K, committed 2688K, reserved 1048576K
}
Event: 19.506 GC heap after
{Heap after GC invocations=6 (full 0):
 garbage-first heap   total reserved 974848K, committed 61440K, used 22944K [0x00000000c4800000, 0x0000000100000000)
  region size 1024K, 2 young (2048K), 2 survivors (2048K)
 Metaspace       used 21182K, committed 21504K, reserved 1114112K
  class space    used 2538K, committed 2688K, reserved 1048576K
}
Event: 22.232 GC heap before
{Heap before GC invocations=7 (full 0):
 garbage-first heap   total reserved 974848K, committed 61440K, used 44448K [0x00000000c4800000, 0x0000000100000000)
  region size 1024K, 27 young (27648K), 2 survivors (2048K)
 Metaspace       used 26308K, committed 26688K, reserved 1114112K
  class space    used 3345K, committed 3520K, reserved 1048576K
}
Event: 22.241 GC heap after
{Heap after GC invocations=8 (full 0):
 garbage-first heap   total reserved 974848K, committed 61440K, used 20395K [0x00000000c4800000, 0x0000000100000000)
  region size 1024K, 4 young (4096K), 4 survivors (4096K)
 Metaspace       used 26308K, committed 26688K, reserved 1114112K
  class space    used 3345K, committed 3520K, reserved 1048576K
}
Event: 25.131 GC heap before
{Heap before GC invocations=8 (full 0):
 garbage-first heap   total reserved 974848K, committed 61440K, used 49067K [0x00000000c4800000, 0x0000000100000000)
  region size 1024K, 33 young (33792K), 4 survivors (4096K)
 Metaspace       used 29710K, committed 30208K, reserved 1114112K
  class space    used 3744K, committed 3968K, reserved 1048576K
}
Event: 25.147 GC heap after
{Heap after GC invocations=9 (full 0):
 garbage-first heap   total reserved 974848K, committed 61440K, used 22032K [0x00000000c4800000, 0x0000000100000000)
  region size 1024K, 5 young (5120K), 5 survivors (5120K)
 Metaspace       used 29710K, committed 30208K, reserved 1114112K
  class space    used 3744K, committed 3968K, reserved 1048576K
}
Event: 27.869 GC heap before
{Heap before GC invocations=9 (full 0):
 garbage-first heap   total reserved 974848K, committed 61440K, used 50704K [0x00000000c4800000, 0x0000000100000000)
  region size 1024K, 33 young (33792K), 5 survivors (5120K)
 Metaspace       used 32016K, committed 32448K, reserved 1114112K
  class space    used 4065K, committed 4288K, reserved 1048576K
}
Event: 27.891 GC heap after
{Heap after GC invocations=10 (full 0):
 garbage-first heap   total reserved 974848K, committed 61440K, used 23576K [0x00000000c4800000, 0x0000000100000000)
  region size 1024K, 3 young (3072K), 3 survivors (3072K)
 Metaspace       used 32016K, committed 32448K, reserved 1114112K
  class space    used 4065K, committed 4288K, reserved 1048576K
}
Event: 31.136 GC heap before
{Heap before GC invocations=10 (full 0):
 garbage-first heap   total reserved 974848K, committed 61440K, used 51224K [0x00000000c4800000, 0x0000000100000000)
  region size 1024K, 30 young (30720K), 3 survivors (3072K)
 Metaspace       used 35453K, committed 35968K, reserved 1114112K
  class space    used 4572K, committed 4800K, reserved 1048576K
}
Event: 31.155 GC heap after
{Heap after GC invocations=11 (full 0):
 garbage-first heap   total reserved 974848K, committed 61440K, used 26016K [0x00000000c4800000, 0x0000000100000000)
  region size 1024K, 3 young (3072K), 3 survivors (3072K)
 Metaspace       used 35453K, committed 35968K, reserved 1114112K
  class space    used 4572K, committed 4800K, reserved 1048576K
}
Event: 31.206 GC heap before
{Heap before GC invocations=11 (full 0):
 garbage-first heap   total reserved 974848K, committed 61440K, used 26016K [0x00000000c4800000, 0x0000000100000000)
  region size 1024K, 4 young (4096K), 3 survivors (3072K)
 Metaspace       used 35485K, committed 35968K, reserved 1114112K
  class space    used 4577K, committed 4800K, reserved 1048576K
}
Event: 31.217 GC heap after
{Heap after GC invocations=12 (full 0):
 garbage-first heap   total reserved 974848K, committed 61440K, used 26284K [0x00000000c4800000, 0x0000000100000000)
  region size 1024K, 1 young (1024K), 1 survivors (1024K)
 Metaspace       used 35485K, committed 35968K, reserved 1114112K
  class space    used 4577K, committed 4800K, reserved 1048576K
}
Event: 34.663 GC heap before
{Heap before GC invocations=13 (full 0):
 garbage-first heap   total reserved 974848K, committed 61440K, used 52908K [0x00000000c4800000, 0x0000000100000000)
  region size 1024K, 27 young (27648K), 1 survivors (1024K)
 Metaspace       used 41193K, committed 41792K, reserved 1114112K
  class space    used 5499K, committed 5760K, reserved 1048576K
}
Event: 34.674 GC heap after
{Heap after GC invocations=14 (full 0):
 garbage-first heap   total reserved 974848K, committed 61440K, used 28109K [0x00000000c4800000, 0x0000000100000000)
  region size 1024K, 3 young (3072K), 3 survivors (3072K)
 Metaspace       used 41193K, committed 41792K, reserved 1114112K
  class space    used 5499K, committed 5760K, reserved 1048576K
}
Event: 39.506 GC heap before
{Heap before GC invocations=14 (full 0):
 garbage-first heap   total reserved 974848K, committed 61440K, used 53709K [0x00000000c4800000, 0x0000000100000000)
  region size 1024K, 28 young (28672K), 3 survivors (3072K)
 Metaspace       used 44510K, committed 45184K, reserved 1114112K
  class space    used 5956K, committed 6272K, reserved 1048576K
}
Event: 39.530 GC heap after
{Heap after GC invocations=15 (full 0):
 garbage-first heap   total reserved 974848K, committed 61440K, used 29329K [0x00000000c4800000, 0x0000000100000000)
  region size 1024K, 2 young (2048K), 2 survivors (2048K)
 Metaspace       used 44510K, committed 45184K, reserved 1114112K
  class space    used 5956K, committed 6272K, reserved 1048576K
}
Event: 43.550 GC heap before
{Heap before GC invocations=15 (full 0):
 garbage-first heap   total reserved 974848K, committed 61440K, used 54929K [0x00000000c4800000, 0x0000000100000000)
  region size 1024K, 27 young (27648K), 2 survivors (2048K)
 Metaspace       used 47312K, committed 48064K, reserved 1114112K
  class space    used 6406K, committed 6720K, reserved 1048576K
}
Event: 43.570 GC heap after
{Heap after GC invocations=16 (full 0):
 garbage-first heap   total reserved 974848K, committed 61440K, used 31744K [0x00000000c4800000, 0x0000000100000000)
  region size 1024K, 4 young (4096K), 4 survivors (4096K)
 Metaspace       used 47312K, committed 48064K, reserved 1114112K
  class space    used 6406K, committed 6720K, reserved 1048576K
}

