# JRE version: Java(TM) SE Runtime Environment (22.0.2+9) (build 22.0.2+9-70)
# Java VM: Java HotSpot(TM) 64-Bit Server VM (22.0.2+9-70, mixed mode, sharing, tiered, compressed oops, compressed class ptrs, g1 gc, windows-amd64)
GC Precious Log:
 CardTable entry size: 512
 Card Set container configuration: InlinePtr #cards 5 size 8 Array Of Cards #cards 12 size 40 Howl #buckets 4 coarsen threshold 1843 Howl Bitmap #cards 512 size 80 coarsen threshold 460 Card regions per heap region 1 cards per card region 2048
 CPUs: 4 total, 4 available
 Memory: 3802M
 Large Page Support: Disabled
 NUMA Support: Disabled
 Compressed Oops: Enabled (32-bit)
 Heap Region Size: 1M
 Heap Min Capacity: 8M
 Heap Initial Capacity: 60M
 Heap Max Capacity: 952M
 Pre-touch: Disabled
 Parallel Workers: 4
 Concurrent Workers: 1
 Concurrent Refinement Workers: 4
 Periodic GC: Disabled
Heap:
 garbage-first heap   total reserved 974848K, committed 60416K, used 38352K [0x00000000c4800000, 0x0000000100000000)
  region size 1024K, 6 young (6144K), 3 survivors (3072K)
 Metaspace       used 60633K, committed 61504K, reserved 1114112K
  class space    used 8278K, committed 8640K, reserved 1048576K
GC Heap History (20 events):
Event: 32.255 GC heap before
{Heap before GC invocations=9 (full 0):
 garbage-first heap   total reserved 974848K, committed 55296K, used 46080K [0x00000000c4800000, 0x0000000100000000)
  region size 1024K, 26 young (26624K), 2 survivors (2048K)
 Metaspace       used 33970K, committed 34496K, reserved 1114112K
  class space    used 4369K, committed 4608K, reserved 1048576K
}
Event: 32.269 GC heap after
{Heap after GC invocations=10 (full 0):
 garbage-first heap   total reserved 974848K, committed 55296K, used 23552K [0x00000000c4800000, 0x0000000100000000)
  region size 1024K, 4 young (4096K), 4 survivors (4096K)
 Metaspace       used 33970K, committed 34496K, reserved 1114112K
  class space    used 4369K, committed 4608K, reserved 1048576K
}
Event: 34.023 GC heap before
{Heap before GC invocations=10 (full 0):
 garbage-first heap   total reserved 974848K, committed 55296K, used 31744K [0x00000000c4800000, 0x0000000100000000)
  region size 1024K, 13 young (13312K), 4 survivors (4096K)
 Metaspace       used 35446K, committed 35968K, reserved 1114112K
  class space    used 4589K, committed 4800K, reserved 1048576K
}
Event: 34.040 GC heap after
{Heap after GC invocations=11 (full 0):
 garbage-first heap   total reserved 974848K, committed 55296K, used 24139K [0x00000000c4800000, 0x0000000100000000)
  region size 1024K, 3 young (3072K), 3 survivors (3072K)
 Metaspace       used 35446K, committed 35968K, reserved 1114112K
  class space    used 4589K, committed 4800K, reserved 1048576K
}
Event: 37.670 GC heap before
{Heap before GC invocations=12 (full 0):
 garbage-first heap   total reserved 974848K, committed 55296K, used 47691K [0x00000000c4800000, 0x0000000100000000)
  region size 1024K, 26 young (26624K), 3 survivors (3072K)
 Metaspace       used 40642K, committed 41216K, reserved 1114112K
  class space    used 5416K, committed 5632K, reserved 1048576K
}
Event: 37.689 GC heap after
{Heap after GC invocations=13 (full 0):
 garbage-first heap   total reserved 974848K, committed 55296K, used 26015K [0x00000000c4800000, 0x0000000100000000)
  region size 1024K, 3 young (3072K), 3 survivors (3072K)
 Metaspace       used 40642K, committed 41216K, reserved 1114112K
  class space    used 5416K, committed 5632K, reserved 1048576K
}
Event: 40.710 GC heap before
{Heap before GC invocations=13 (full 0):
 garbage-first heap   total reserved 974848K, committed 55296K, used 47519K [0x00000000c4800000, 0x0000000100000000)
  region size 1024K, 24 young (24576K), 3 survivors (3072K)
 Metaspace       used 43441K, committed 44032K, reserved 1114112K
  class space    used 5859K, committed 6144K, reserved 1048576K
}
Event: 40.729 GC heap after
{Heap after GC invocations=14 (full 0):
 garbage-first heap   total reserved 974848K, committed 55296K, used 27162K [0x00000000c4800000, 0x0000000100000000)
  region size 1024K, 2 young (2048K), 2 survivors (2048K)
 Metaspace       used 43441K, committed 44032K, reserved 1114112K
  class space    used 5859K, committed 6144K, reserved 1048576K
}
Event: 43.540 GC heap before
{Heap before GC invocations=14 (full 0):
 garbage-first heap   total reserved 974848K, committed 55296K, used 48666K [0x00000000c4800000, 0x0000000100000000)
  region size 1024K, 23 young (23552K), 2 survivors (2048K)
 Metaspace       used 45635K, committed 46336K, reserved 1114112K
  class space    used 6142K, committed 6464K, reserved 1048576K
}
Event: 43.559 GC heap after
{Heap after GC invocations=15 (full 0):
 garbage-first heap   total reserved 974848K, committed 55296K, used 29052K [0x00000000c4800000, 0x0000000100000000)
  region size 1024K, 2 young (2048K), 2 survivors (2048K)
 Metaspace       used 45635K, committed 46336K, reserved 1114112K
  class space    used 6142K, committed 6464K, reserved 1048576K
}
Event: 49.861 GC heap before
{Heap before GC invocations=16 (full 0):
 garbage-first heap   total reserved 974848K, committed 55296K, used 48508K [0x00000000c4800000, 0x0000000100000000)
  region size 1024K, 21 young (21504K), 2 survivors (2048K)
 Metaspace       used 48431K, committed 49152K, reserved 1114112K
  class space    used 6617K, committed 6912K, reserved 1048576K
}
Event: 49.879 GC heap after
{Heap after GC invocations=17 (full 0):
 garbage-first heap   total reserved 974848K, committed 55296K, used 30787K [0x00000000c4800000, 0x0000000100000000)
  region size 1024K, 2 young (2048K), 2 survivors (2048K)
 Metaspace       used 48431K, committed 49152K, reserved 1114112K
  class space    used 6617K, committed 6912K, reserved 1048576K
}
Event: 58.974 GC heap before
{Heap before GC invocations=17 (full 0):
 garbage-first heap   total reserved 974848K, committed 55296K, used 48195K [0x00000000c4800000, 0x0000000100000000)
  region size 1024K, 19 young (19456K), 2 survivors (2048K)
 Metaspace       used 52130K, committed 52864K, reserved 1114112K
  class space    used 7098K, committed 7424K, reserved 1048576K
}
Event: 59.007 GC heap after
{Heap after GC invocations=18 (full 0):
 garbage-first heap   total reserved 974848K, committed 55296K, used 33008K [0x00000000c4800000, 0x0000000100000000)
  region size 1024K, 3 young (3072K), 3 survivors (3072K)
 Metaspace       used 52130K, committed 52864K, reserved 1114112K
  class space    used 7098K, committed 7424K, reserved 1048576K
}
Event: 90.893 GC heap before
{Heap before GC invocations=18 (full 0):
 garbage-first heap   total reserved 974848K, committed 55296K, used 46320K [0x00000000c4800000, 0x0000000100000000)
  region size 1024K, 17 young (17408K), 3 survivors (3072K)
 Metaspace       used 55355K, committed 56128K, reserved 1114112K
  class space    used 7551K, committed 7872K, reserved 1048576K
}
Event: 91.054 GC heap after
{Heap after GC invocations=19 (full 0):
 garbage-first heap   total reserved 974848K, committed 55296K, used 34276K [0x00000000c4800000, 0x0000000100000000)
  region size 1024K, 2 young (2048K), 2 survivors (2048K)
 Metaspace       used 55355K, committed 56128K, reserved 1114112K
  class space    used 7551K, committed 7872K, reserved 1048576K
}
Event: 155.469 GC heap before
{Heap before GC invocations=20 (full 0):
 garbage-first heap   total reserved 974848K, committed 60416K, used 47588K [0x00000000c4800000, 0x0000000100000000)
  region size 1024K, 15 young (15360K), 2 survivors (2048K)
 Metaspace       used 57808K, committed 58624K, reserved 1114112K
  class space    used 7913K, committed 8256K, reserved 1048576K
}
Event: 155.513 GC heap after
{Heap after GC invocations=21 (full 0):
 garbage-first heap   total reserved 974848K, committed 60416K, used 35921K [0x00000000c4800000, 0x0000000100000000)
  region size 1024K, 2 young (2048K), 2 survivors (2048K)
 Metaspace       used 57808K, committed 58624K, reserved 1114112K
  class space    used 7913K, committed 8256K, reserved 1048576K
}
Event: 453.813 GC heap before
{Heap before GC invocations=21 (full 0):
 garbage-first heap   total reserved 974848K, committed 60416K, used 52305K [0x00000000c4800000, 0x0000000100000000)
  region size 1024K, 19 young (19456K), 2 survivors (2048K)
 Metaspace       used 60540K, committed 61376K, reserved 1114112K
  class space    used 8276K, committed 8640K, reserved 1048576K
}
Event: 454.411 GC heap after
{Heap after GC invocations=22 (full 0):
 garbage-first heap   total reserved 974848K, committed 60416K, used 36304K [0x00000000c4800000, 0x0000000100000000)
  region size 1024K, 3 young (3072K), 3 survivors (3072K)
 Metaspace       used 60540K, committed 61376K, reserved 1114112K
  class space    used 8276K, committed 8640K, reserved 1048576K
}

