# JRE version: Java(TM) SE Runtime Environment (22.0.2+9) (build 22.0.2+9-70)
# Java VM: Java HotSpot(TM) 64-Bit Server VM (22.0.2+9-70, mixed mode, sharing, tiered, compressed oops, compressed class ptrs, g1 gc, windows-amd64)
GC Precious Log:
 CardTable entry size: 512
 Card Set container configuration: InlinePtr #cards 5 size 8 Array Of Cards #cards 12 size 40 Howl #buckets 4 coarsen threshold 1843 Howl Bitmap #cards 512 size 80 coarsen threshold 460 Card regions per heap region 1 cards per card region 2048
 CPUs: 4 total, 4 available
 Memory: 3802M
 Large Page Support: Disabled
 NUMA Support: Disabled
 Compressed Oops: Enabled (32-bit)
 Heap Region Size: 1M
 Heap Min Capacity: 8M
 Heap Initial Capacity: 60M
 Heap Max Capacity: 952M
 Pre-touch: Disabled
 Parallel Workers: 4
 Concurrent Workers: 1
 Concurrent Refinement Workers: 4
 Periodic GC: Disabled
Heap:
 garbage-first heap   total reserved 974848K, committed 66560K, used 51869K [0x00000000c4800000, 0x0000000100000000)
  region size 1024K, 21 young (21504K), 3 survivors (3072K)
 Metaspace       used 58875K, committed 59712K, reserved 1114112K
  class space    used 8056K, committed 8448K, reserved 1048576K
GC Heap History (20 events):
Event: 12.893 GC heap before
{Heap before GC invocations=6 (full 0):
 garbage-first heap   total reserved 974848K, committed 55296K, used 45685K [0x00000000c4800000, 0x0000000100000000)
  region size 1024K, 32 young (32768K), 3 survivors (3072K)
 Metaspace       used 27353K, committed 27712K, reserved 1114112K
  class space    used 3500K, committed 3648K, reserved 1048576K
}
Event: 12.910 GC heap after
{Heap after GC invocations=7 (full 0):
 garbage-first heap   total reserved 974848K, committed 55296K, used 17799K [0x00000000c4800000, 0x0000000100000000)
  region size 1024K, 3 young (3072K), 3 survivors (3072K)
 Metaspace       used 27353K, committed 27712K, reserved 1114112K
  class space    used 3500K, committed 3648K, reserved 1048576K
}
Event: 14.017 GC heap before
{Heap before GC invocations=7 (full 0):
 garbage-first heap   total reserved 974848K, committed 55296K, used 42375K [0x00000000c4800000, 0x0000000100000000)
  region size 1024K, 27 young (27648K), 3 survivors (3072K)
 Metaspace       used 29612K, committed 30080K, reserved 1114112K
  class space    used 3733K, committed 3968K, reserved 1048576K
}
Event: 14.034 GC heap after
{Heap after GC invocations=8 (full 0):
 garbage-first heap   total reserved 974848K, committed 55296K, used 20345K [0x00000000c4800000, 0x0000000100000000)
  region size 1024K, 4 young (4096K), 4 survivors (4096K)
 Metaspace       used 29612K, committed 30080K, reserved 1114112K
  class space    used 3733K, committed 3968K, reserved 1048576K
}
Event: 15.291 GC heap before
{Heap before GC invocations=8 (full 0):
 garbage-first heap   total reserved 974848K, committed 55296K, used 43897K [0x00000000c4800000, 0x0000000100000000)
  region size 1024K, 27 young (27648K), 4 survivors (4096K)
 Metaspace       used 31543K, committed 32000K, reserved 1114112K
  class space    used 4002K, committed 4224K, reserved 1048576K
}
Event: 15.311 GC heap after
{Heap after GC invocations=9 (full 0):
 garbage-first heap   total reserved 974848K, committed 55296K, used 21498K [0x00000000c4800000, 0x0000000100000000)
  region size 1024K, 2 young (2048K), 2 survivors (2048K)
 Metaspace       used 31543K, committed 32000K, reserved 1114112K
  class space    used 4002K, committed 4224K, reserved 1048576K
}
Event: 16.582 GC heap before
{Heap before GC invocations=9 (full 0):
 garbage-first heap   total reserved 974848K, committed 55296K, used 46074K [0x00000000c4800000, 0x0000000100000000)
  region size 1024K, 26 young (26624K), 2 survivors (2048K)
 Metaspace       used 34348K, committed 34880K, reserved 1114112K
  class space    used 4394K, committed 4608K, reserved 1048576K
}
Event: 16.594 GC heap after
{Heap after GC invocations=10 (full 0):
 garbage-first heap   total reserved 974848K, committed 55296K, used 23413K [0x00000000c4800000, 0x0000000100000000)
  region size 1024K, 4 young (4096K), 4 survivors (4096K)
 Metaspace       used 34348K, committed 34880K, reserved 1114112K
  class space    used 4394K, committed 4608K, reserved 1048576K
}
Event: 17.064 GC heap before
{Heap before GC invocations=10 (full 0):
 garbage-first heap   total reserved 974848K, committed 55296K, used 30581K [0x00000000c4800000, 0x0000000100000000)
  region size 1024K, 12 young (12288K), 4 survivors (4096K)
 Metaspace       used 35454K, committed 35968K, reserved 1114112K
  class space    used 4577K, committed 4800K, reserved 1048576K
}
Event: 17.083 GC heap after
{Heap after GC invocations=11 (full 0):
 garbage-first heap   total reserved 974848K, committed 55296K, used 24347K [0x00000000c4800000, 0x0000000100000000)
  region size 1024K, 3 young (3072K), 3 survivors (3072K)
 Metaspace       used 35454K, committed 35968K, reserved 1114112K
  class space    used 4577K, committed 4800K, reserved 1048576K
}
Event: 18.606 GC heap before
{Heap before GC invocations=12 (full 0):
 garbage-first heap   total reserved 974848K, committed 55296K, used 47899K [0x00000000c4800000, 0x0000000100000000)
  region size 1024K, 26 young (26624K), 3 survivors (3072K)
 Metaspace       used 40671K, committed 41216K, reserved 1114112K
  class space    used 5414K, committed 5632K, reserved 1048576K
}
Event: 18.623 GC heap after
{Heap after GC invocations=13 (full 0):
 garbage-first heap   total reserved 974848K, committed 55296K, used 25970K [0x00000000c4800000, 0x0000000100000000)
  region size 1024K, 3 young (3072K), 3 survivors (3072K)
 Metaspace       used 40671K, committed 41216K, reserved 1114112K
  class space    used 5414K, committed 5632K, reserved 1048576K
}
Event: 20.104 GC heap before
{Heap before GC invocations=13 (full 0):
 garbage-first heap   total reserved 974848K, committed 55296K, used 47474K [0x00000000c4800000, 0x0000000100000000)
  region size 1024K, 24 young (24576K), 3 survivors (3072K)
 Metaspace       used 43404K, committed 44032K, reserved 1114112K
  class space    used 5846K, committed 6144K, reserved 1048576K
}
Event: 20.128 GC heap after
{Heap after GC invocations=14 (full 0):
 garbage-first heap   total reserved 974848K, committed 55296K, used 27648K [0x00000000c4800000, 0x0000000100000000)
  region size 1024K, 2 young (2048K), 2 survivors (2048K)
 Metaspace       used 43404K, committed 44032K, reserved 1114112K
  class space    used 5846K, committed 6144K, reserved 1048576K
}
Event: 22.470 GC heap before
{Heap before GC invocations=14 (full 0):
 garbage-first heap   total reserved 974848K, committed 55296K, used 49152K [0x00000000c4800000, 0x0000000100000000)
  region size 1024K, 23 young (23552K), 2 survivors (2048K)
 Metaspace       used 45638K, committed 46400K, reserved 1114112K
  class space    used 6129K, committed 6464K, reserved 1048576K
}
Event: 22.489 GC heap after
{Heap after GC invocations=15 (full 0):
 garbage-first heap   total reserved 974848K, committed 66560K, used 29294K [0x00000000c4800000, 0x0000000100000000)
  region size 1024K, 2 young (2048K), 2 survivors (2048K)
 Metaspace       used 45638K, committed 46400K, reserved 1114112K
  class space    used 6129K, committed 6464K, reserved 1048576K
}
Event: 25.120 GC heap before
{Heap before GC invocations=16 (full 0):
 garbage-first heap   total reserved 974848K, committed 66560K, used 56942K [0x00000000c4800000, 0x0000000100000000)
  region size 1024K, 30 young (30720K), 2 survivors (2048K)
 Metaspace       used 49972K, committed 50688K, reserved 1114112K
  class space    used 6778K, committed 7104K, reserved 1048576K
}
Event: 25.170 GC heap after
{Heap after GC invocations=17 (full 0):
 garbage-first heap   total reserved 974848K, committed 66560K, used 33416K [0x00000000c4800000, 0x0000000100000000)
  region size 1024K, 4 young (4096K), 4 survivors (4096K)
 Metaspace       used 49972K, committed 50688K, reserved 1114112K
  class space    used 6778K, committed 7104K, reserved 1048576K
}
Event: 57.860 GC heap before
{Heap before GC invocations=17 (full 0):
 garbage-first heap   total reserved 974848K, committed 66560K, used 57992K [0x00000000c4800000, 0x0000000100000000)
  region size 1024K, 28 young (28672K), 4 survivors (4096K)
 Metaspace       used 55481K, committed 56320K, reserved 1114112K
  class space    used 7550K, committed 7936K, reserved 1048576K
}
Event: 58.140 GC heap after
{Heap after GC invocations=18 (full 0):
 garbage-first heap   total reserved 974848K, committed 66560K, used 35485K [0x00000000c4800000, 0x0000000100000000)
  region size 1024K, 3 young (3072K), 3 survivors (3072K)
 Metaspace       used 55481K, committed 56320K, reserved 1114112K
  class space    used 7550K, committed 7936K, reserved 1048576K
}

